* using log directory ‘/home/tulliapadellini/Documents/software/pflamelet/pflamelet.Rcheck’
* using R version 3.6.1 (2019-07-05)
* using platform: x86_64-pc-linux-gnu (64-bit)
* using session charset: UTF-8
* using options ‘--no-manual --as-cran’
* checking for file ‘pflamelet/DESCRIPTION’ ... OK
* checking extension type ... Package
* this is package ‘pflamelet’ version ‘0.1.0’
* package encoding: UTF-8
* checking package namespace information ... OK
* checking package dependencies ... OK
* checking if this is a source package ... OK
* checking if there is a namespace ... OK
* checking for executable files ... OK
* checking for hidden files and directories ... OK
* checking for portable file names ... OK
* checking for sufficient/correct file permissions ... OK
* checking serialization versions ... OK
* checking whether package ‘pflamelet’ can be installed ... OK
* checking installed package size ... OK
* checking package directory ... OK
* checking for future file timestamps ... OK
* checking DESCRIPTION meta-information ... OK
* checking top-level files ... OK
* checking for left-over files ... OK
* checking index information ... OK
* checking package subdirectories ... OK
* checking R files for non-ASCII characters ... OK
* checking R files for syntax errors ... OK
* checking whether the package can be loaded ... OK
* checking whether the package can be loaded with stated dependencies ... OK
* checking whether the package can be unloaded cleanly ... OK
* checking whether the namespace can be loaded with stated dependencies ... OK
* checking whether the namespace can be unloaded cleanly ... OK
* checking loading without being on the library search path ... OK
* checking dependencies in R code ... OK
* checking S3 generic/method consistency ... OK
* checking replacement functions ... OK
* checking foreign function calls ... OK
* checking R code for possible problems ... OK
* checking Rd files ... OK
* checking Rd metadata ... OK
* checking Rd line widths ... NOTE
Rd file 'build.flamelet.Rd':
  \examples lines wider than 100 characters:
     foo.flamelet = build.flamelet(X = xx, h.grid = seq(0.01, 1, length.out = 40), base.type = "landscape", dimension = 1,base.param = 1, li ... [TRUNCATED]

These lines will be truncated in the PDF manual.
* checking Rd cross-references ... OK
* checking for missing documentation entries ... OK
* checking for code/documentation mismatches ... OK
* checking Rd \usage sections ... OK
* checking Rd contents ... OK
* checking for unstated dependencies in examples ... WARNING
Warning: parse error in file 'lines':
1: unexpected symbol
30: cleanEx()
31: options
    ^
* checking examples ... ERROR
Running examples in ‘pflamelet-Ex.R’ failed
The error most likely occurred in:

> base::assign(".ptime", proc.time(), pos = "CheckExEnv")
> ### Name: build.flamelet
> ### Title: Persistence Flamelet Function
> ### Aliases: build.flamelet
> 
> ### ** Examples
> 
> library(TDA)
> xx = rbind(circleUnif(50, 1), circleUnif(50, 1.5) + 3)
> Xlim = c(-1, 5);  Ylim = c(-1, 5);  by = 0.05
> lim = cbind(Xlim, Ylim)
> foo.flamelet = build.flamelet(X = xx, h.grid = seq(0.01, 1, length.out = 40), base.type = "landscape", dimension = 1,base.param = 1, lim = lim, by = by,
+ 
+ 
+ 
+ base::assign(".dptime", (proc.time() - get(".ptime", pos = "CheckExEnv")), pos = "CheckExEnv")
+ base::cat("build.flamelet", base::get(".format_ptime", pos = 'CheckExEnv')(get(".dptime", pos = "CheckExEnv")), "\n", file=base::get(".ExTimings", pos = 'CheckExEnv'), append=TRUE, sep="\t")
Error: unexpected symbol in:
"base::assign(".dptime", (proc.time() - get(".ptime", pos = "CheckExEnv")), pos = "CheckExEnv")
base"
Execution halted
* DONE
Status: 1 ERROR, 1 WARNING, 1 NOTE
